


INDYLauncher Start - 2562-03-18 01-37-25
## INDYLauncher Ver 1.0.0.7



INDYLauncher Start - 2562-03-18 01-37-38
## INDYLauncher Ver 1.0.0.7



INDYLauncher Start - 2562-03-18 01-37-47
## INDYLauncher Ver 1.0.0.7



INDYLauncher Start - 2562-03-18 01-38-38
## INDYLauncher Ver 1.0.0.7



INDYLauncher Start - 2562-03-18 01-38-47
## INDYLauncher Ver 1.0.0.7



INDYLauncher Start - 2562-03-18 01-38-50
## INDYLauncher Ver 1.0.0.7



PHOENIXLauncher Start - 2562-03-18 01-39-37
## PHOENIXLauncher Ver 1.0.0.7
PBLauncher End - 2562-03-18 01-40-00



PHOENIXLauncher Start - 2562-03-18 01-41-47
## PHOENIXLauncher Ver 1.0.0.7



INDYLauncher Start - 2562-03-18 01-42-05
## INDYLauncher Ver 1.0.0.7



PHOENIXLauncher Start - 2562-03-18 01-43-20
## PHOENIXLauncher Ver 1.0.0.7
