


PHOENIXLauncher Start - 2562-03-18 01-39-23
## PHOENIXLauncher Ver 1.0.0.6
## PHOENIXLauncher Download Patch Version - 1
# Patch file Update Exception # FileName : pbphonixclient.version
# PHOENIXLauncher Download - 2
# Patch file Update Exception # FileName : pbphonixclient.version
# PHOENIXLauncher Download - 3
# Patch file Update Exception # FileName : pbphonixclient.version
# Patch file Update Exception # FileName : PHOENIXLauncher.exe
# PHOENIXLauncher Download - 4
# Patch file Update Exception # FileName : pbphonixclient.version
# Patch file Update Exception # FileName : PHOENIXLauncher.exe
# PHOENIXLauncher Download - 5
# Patch file Update Exception # FileName : PHOENIXLauncher.exe
# Patch file Update Exception # FileName : pbphonixclient.version
# PHOENIXLauncher Download - 6



PHOENIXLauncher Start - 2562-03-18 01-42-16
## PHOENIXLauncher Ver 1.0.0.6
## PHOENIXLauncher Download Patch Version - 1
# Patch file Update Exception # FileName : pbphonixclient.version
# PHOENIXLauncher Download - 2
